# JRE version: Java(TM) SE Runtime Environment (8.0_101-b13) (build 1.8.0_101-b13)
# Java VM: Java HotSpot(TM) 64-Bit Server VM (25.101-b13 mixed mode windows-amd64 compressed oops)
Heap:
 PSYoungGen      total 71680K, used 41443K [0x00000000d5c00000, 0x00000000da700000, 0x0000000100000000)
  eden space 66560K, 54% used [0x00000000d5c00000,0x00000000d7f7e4f8,0x00000000d9d00000)
  from space 5120K, 99% used [0x00000000da200000,0x00000000da6fa8e8,0x00000000da700000)
  to   space 5120K, 0% used [0x00000000d9d00000,0x00000000d9d00000,0x00000000da200000)
 ParOldGen       total 56832K, used 20202K [0x0000000081400000, 0x0000000084b80000, 0x00000000d5c00000)
  object space 56832K, 35% used [0x0000000081400000,0x00000000827ba8f8,0x0000000084b80000)
 Metaspace       used 34809K, capacity 36685K, committed 36864K, reserved 1083392K
  class space    used 4760K, capacity 5120K, committed 5120K, reserved 1048576K
GC Heap History (10 events):
Event: 10.145 GC heap before
{Heap before GC invocations=8 (full 1):
 PSYoungGen      total 71680K, used 71664K [0x00000000d5c00000, 0x00000000da700000, 0x0000000100000000)
  eden space 66560K, 100% used [0x00000000d5c00000,0x00000000d9d00000,0x00000000d9d00000)
  from space 5120K, 99% used [0x00000000da200000,0x00000000da6fc010,0x00000000da700000)
  to   space 5120K, 0% used [0x00000000d9d00000,0x00000000d9d00000,0x00000000da200000)
 ParOldGen       total 56832K, used 9244K [0x0000000081400000, 0x0000000084b80000, 0x00000000d5c00000)
  object space 56832K, 16% used [0x0000000081400000,0x0000000081d07290,0x0000000084b80000)
 Metaspace       used 26856K, capacity 27890K, committed 28032K, reserved 1077248K
  class space    used 3667K, capacity 3935K, committed 3968K, reserved 1048576K
Event: 10.159 GC heap after
Heap after GC invocations=8 (full 1):
 PSYoungGen      total 71680K, used 5104K [0x00000000d5c00000, 0x00000000da700000, 0x0000000100000000)
  eden space 66560K, 0% used [0x00000000d5c00000,0x00000000d5c00000,0x00000000d9d00000)
  from space 5120K, 99% used [0x00000000d9d00000,0x00000000da1fc030,0x00000000da200000)
  to   space 5120K, 0% used [0x00000000da200000,0x00000000da200000,0x00000000da700000)
 ParOldGen       total 56832K, used 14964K [0x0000000081400000, 0x0000000084b80000, 0x00000000d5c00000)
  object space 56832K, 26% used [0x0000000081400000,0x000000008229d200,0x0000000084b80000)
 Metaspace       used 26856K, capacity 27890K, committed 28032K, reserved 1077248K
  class space    used 3667K, capacity 3935K, committed 3968K, reserved 1048576K
}
Event: 10.499 GC heap before
{Heap before GC invocations=9 (full 1):
 PSYoungGen      total 71680K, used 37134K [0x00000000d5c00000, 0x00000000da700000, 0x0000000100000000)
  eden space 66560K, 48% used [0x00000000d5c00000,0x00000000d7b47908,0x00000000d9d00000)
  from space 5120K, 99% used [0x00000000d9d00000,0x00000000da1fc030,0x00000000da200000)
  to   space 5120K, 0% used [0x00000000da200000,0x00000000da200000,0x00000000da700000)
 ParOldGen       total 56832K, used 14964K [0x0000000081400000, 0x0000000084b80000, 0x00000000d5c00000)
  object space 56832K, 26% used [0x0000000081400000,0x000000008229d200,0x0000000084b80000)
 Metaspace       used 28576K, capacity 30050K, committed 30080K, reserved 1077248K
  class space    used 3889K, capacity 4195K, committed 4224K, reserved 1048576K
Event: 10.514 GC heap after
Heap after GC invocations=9 (full 1):
 PSYoungGen      total 71680K, used 5104K [0x00000000d5c00000, 0x00000000da700000, 0x0000000100000000)
  eden space 66560K, 0% used [0x00000000d5c00000,0x00000000d5c00000,0x00000000d9d00000)
  from space 5120K, 99% used [0x00000000da200000,0x00000000da6fc030,0x00000000da700000)
  to   space 5120K, 0% used [0x00000000d9d00000,0x00000000d9d00000,0x00000000da200000)
 ParOldGen       total 56832K, used 17372K [0x0000000081400000, 0x0000000084b80000, 0x00000000d5c00000)
  object space 56832K, 30% used [0x0000000081400000,0x00000000824f7340,0x0000000084b80000)
 Metaspace       used 28576K, capacity 30050K, committed 30080K, reserved 1077248K
  class space    used 3889K, capacity 4195K, committed 4224K, reserved 1048576K
}
Event: 10.514 GC heap before
{Heap before GC invocations=10 (full 2):
 PSYoungGen      total 71680K, used 5104K [0x00000000d5c00000, 0x00000000da700000, 0x0000000100000000)
  eden space 66560K, 0% used [0x00000000d5c00000,0x00000000d5c00000,0x00000000d9d00000)
  from space 5120K, 99% used [0x00000000da200000,0x00000000da6fc030,0x00000000da700000)
  to   space 5120K, 0% used [0x00000000d9d00000,0x00000000d9d00000,0x00000000da200000)
 ParOldGen       total 56832K, used 17372K [0x0000000081400000, 0x0000000084b80000, 0x00000000d5c00000)
  object space 56832K, 30% used [0x0000000081400000,0x00000000824f7340,0x0000000084b80000)
 Metaspace       used 28576K, capacity 30050K, committed 30080K, reserved 1077248K
  class space    used 3889K, capacity 4195K, committed 4224K, reserved 1048576K
Event: 10.626 GC heap after
Heap after GC invocations=10 (full 2):
 PSYoungGen      total 71680K, used 0K [0x00000000d5c00000, 0x00000000da700000, 0x0000000100000000)
  eden space 66560K, 0% used [0x00000000d5c00000,0x00000000d5c00000,0x00000000d9d00000)
  from space 5120K, 0% used [0x00000000da200000,0x00000000da200000,0x00000000da700000)
  to   space 5120K, 0% used [0x00000000d9d00000,0x00000000d9d00000,0x00000000da200000)
 ParOldGen       total 56832K, used 14262K [0x0000000081400000, 0x0000000084b80000, 0x00000000d5c00000)
  object space 56832K, 25% used [0x0000000081400000,0x00000000821edaa8,0x0000000084b80000)
 Metaspace       used 28576K, capacity 30050K, committed 30080K, reserved 1077248K
  class space    used 3889K, capacity 4195K, committed 4224K, reserved 1048576K
}
Event: 11.182 GC heap before
{Heap before GC invocations=11 (full 2):
 PSYoungGen      total 71680K, used 66560K [0x00000000d5c00000, 0x00000000da700000, 0x0000000100000000)
  eden space 66560K, 100% used [0x00000000d5c00000,0x00000000d9d00000,0x00000000d9d00000)
  from space 5120K, 0% used [0x00000000da200000,0x00000000da200000,0x00000000da700000)
  to   space 5120K, 0% used [0x00000000d9d00000,0x00000000d9d00000,0x00000000da200000)
 ParOldGen       total 56832K, used 14262K [0x0000000081400000, 0x0000000084b80000, 0x00000000d5c00000)
  object space 56832K, 25% used [0x0000000081400000,0x00000000821edaa8,0x0000000084b80000)
 Metaspace       used 30598K, capacity 32148K, committed 32384K, reserved 1079296K
  class space    used 4117K, capacity 4422K, committed 4480K, reserved 1048576K
Event: 11.190 GC heap after
Heap after GC invocations=11 (full 2):
 PSYoungGen      total 71680K, used 5119K [0x00000000d5c00000, 0x00000000da700000, 0x0000000100000000)
  eden space 66560K, 0% used [0x00000000d5c00000,0x00000000d5c00000,0x00000000d9d00000)
  from space 5120K, 99% used [0x00000000d9d00000,0x00000000da1ffe58,0x00000000da200000)
  to   space 5120K, 0% used [0x00000000da200000,0x00000000da200000,0x00000000da700000)
 ParOldGen       total 56832K, used 16748K [0x0000000081400000, 0x0000000084b80000, 0x00000000d5c00000)
  object space 56832K, 29% used [0x0000000081400000,0x000000008245b088,0x0000000084b80000)
 Metaspace       used 30598K, capacity 32148K, committed 32384K, reserved 1079296K
  class space    used 4117K, capacity 4422K, committed 4480K, reserved 1048576K
}
Event: 12.254 GC heap before
{Heap before GC invocations=12 (full 2):
 PSYoungGen      total 71680K, used 71679K [0x00000000d5c00000, 0x00000000da700000, 0x0000000100000000)
  eden space 66560K, 100% used [0x00000000d5c00000,0x00000000d9d00000,0x00000000d9d00000)
  from space 5120K, 99% used [0x00000000d9d00000,0x00000000da1ffe58,0x00000000da200000)
  to   space 5120K, 0% used [0x00000000da200000,0x00000000da200000,0x00000000da700000)
 ParOldGen       total 56832K, used 16748K [0x0000000081400000, 0x0000000084b80000, 0x00000000d5c00000)
  object space 56832K, 29% used [0x0000000081400000,0x000000008245b088,0x0000000084b80000)
 Metaspace       used 33152K, capacity 34922K, committed 35072K, reserved 1083392K
  class space    used 4508K, capacity 4855K, committed 4864K, reserved 1048576K
Event: 12.265 GC heap after
Heap after GC invocations=12 (full 2):
 PSYoungGen      total 71680K, used 5098K [0x00000000d5c00000, 0x00000000da700000, 0x0000000100000000)
  eden space 66560K, 0% used [0x00000000d5c00000,0x00000000d5c00000,0x00000000d9d00000)
  from space 5120K, 99% used [0x00000000da200000,0x00000000da6fa8e8,0x00000000da700000)
  to   space 5120K, 0% used [0x00000000d9d00000,0x00000000d9d00000,0x00000000da200000)
 ParOldGen       total 56832K, used 20202K [0x0000000081400000, 0x0000000084b80000, 0x00000000d5c00000)
  object space 56832K, 35% used [0x0000000081400000,0x00000000827ba8f8,0x0000000084b80000)
 Metaspace       used 33152K, capacity 34922K, committed 35072K, reserved 1083392K
  class space    used 4508K, capacity 4855K, committed 4864K, reserved 1048576K
}

